<?xml version="1.0" encoding="UTF-8"?>
<!-- Generated by org.testng.reporters.JUnitXMLReporter -->
<testsuite ignored="0" hostname="DESKTOP-G7B0PR6" failures="1" tests="3" name="Test" time="0.137" errors="0" timestamp="2019-09-29T12:50:10 IST">
  <testcase classname="reporting.TestNG_ReportsAndLogs" name="testMethod2" time="0.01">
    <failure type="java.lang.AssertionError" message="did not expect to find [true] but found [false]">
      <![CDATA[java.lang.AssertionError: did not expect to find [true] but found [false]
at reporting.TestNG_ReportsAndLogs.testMethod2(TestNG_ReportsAndLogs.java:41)
at java.base/java.util.ArrayList.forEach(ArrayList.java:1378)
... Removed 31 stack frames]]>
    </failure>
  </testcase> <!-- testMethod2 -->
  <testcase classname="reporting.TestNG_ReportsAndLogs" name="testMethod1" time="0.002"/>
  <testcase classname="reporting.TestNG_ReportsAndLogs" name="testMethod3" time="0.0">
    <skipped/>
  </testcase> <!-- testMethod3 -->
</testsuite> <!-- Test -->
