<?xml version="1.0" encoding="UTF-8"?>
<testng-results ignored="0" total="1" passed="1" failed="0" skipped="0">
  <reporter-output>
  </reporter-output>
  <suite started-at="2019-09-19T00:36:56 IST" name="Default suite" finished-at="2019-09-19T00:37:25 IST" duration-ms="29441">
    <groups>
    </groups>
    <test started-at="2019-09-19T00:36:56 IST" name="Default test" finished-at="2019-09-19T00:37:25 IST" duration-ms="29441">
      <class name="com.demo.TakeScreenshotFileHandlerClass2">
        <test-method signature="TakeScreenshotFileHandler()[pri:0, instance:com.demo.TakeScreenshotFileHandlerClass2@50caa560]" started-at="2019-09-19T00:36:56 IST" name="TakeScreenshotFileHandler" finished-at="2019-09-19T00:37:25 IST" duration-ms="29340" status="PASS">
          <reporter-output>
          </reporter-output>
        </test-method> <!-- TakeScreenshotFileHandler -->
      </class> <!-- com.demo.TakeScreenshotFileHandlerClass2 -->
    </test> <!-- Default test -->
  </suite> <!-- Default suite -->
</testng-results>
